<?xml version="1.0" encoding="UTF-8"?>
<!-- Generated by org.testng.reporters.JUnitReportReporter -->
<testsuite hostname="DESKTOP-JGMGK3K" failures="0" tests="1" name="appiumtrainingautomation.eCommersetc_3" time="40.756" errors="0" timestamp="2024-05-09T05:03:08 GMT-07:00" skipped="0">
  <testcase classname="appiumtrainingautomation.eCommersetc_3" name="fillForm" time="40.756"/>
  <system-out/>
</testsuite> <!-- appiumtrainingautomation.eCommersetc_3 -->
