<?xml version="1.0" encoding="UTF-8"?>
<!-- Generated by org.testng.reporters.JUnitReportReporter -->
<testsuite hostname="DESKTOP-JGMGK3K" failures="0" tests="1" name="appiumtrainingautomation.eCommersetc_1" time="29.109" errors="0" timestamp="2024-05-09T03:16:45 GMT-07:00" skipped="0">
  <testcase classname="appiumtrainingautomation.eCommersetc_1" name="fillForm" time="29.109"/>
  <system-out/>
</testsuite> <!-- appiumtrainingautomation.eCommersetc_1 -->
