<?xml version="1.0" encoding="UTF-8"?>
<!-- Generated by org.testng.reporters.JUnitReportReporter -->
<testsuite hostname="DESKTOP-JGMGK3K" failures="0" tests="1" name="appiumtrainingautomation.SwipeDemo" time="14.613" errors="0" timestamp="2024-05-07T12:51:08 GMT-07:00" skipped="0">
  <testcase classname="appiumtrainingautomation.SwipeDemo" name="longPressureGesture" time="14.613"/>
  <system-out/>
</testsuite> <!-- appiumtrainingautomation.SwipeDemo -->
