<?xml version="1.0" encoding="UTF-8"?>
<!-- Generated by org.testng.reporters.JUnitReportReporter -->
<testsuite hostname="DESKTOP-JGMGK3K" failures="0" tests="1" name="appiumtrainingautomation.MobileBrowserTest" time="41.110" errors="0" timestamp="2024-05-09T07:01:08 GMT-07:00" skipped="0">
  <testcase classname="appiumtrainingautomation.MobileBrowserTest" name="browserTest" time="41.110"/>
  <system-out/>
</testsuite> <!-- appiumtrainingautomation.MobileBrowserTest -->
