<?xml version="1.0" encoding="UTF-8"?>
<!-- Generated by org.testng.reporters.JUnitReportReporter -->
<testsuite hostname="DESKTOP-JGMGK3K" failures="0" tests="1" name="appiumtrainingautomation.DragDropTest" time="13.577" errors="0" timestamp="2024-05-07T19:24:30 GMT-07:00" skipped="0">
  <testcase classname="appiumtrainingautomation.DragDropTest" name="dragDropGesture" time="13.577"/>
  <system-out/>
</testsuite> <!-- appiumtrainingautomation.DragDropTest -->
