<?xml version="1.0" encoding="UTF-8"?>
<!-- Generated by org.testng.reporters.JUnitReportReporter -->
<testsuite hostname="DESKTOP-JGMGK3K" failures="0" tests="1" name="appiumtrainingautomation.ScrollDemoTest" time="29.947" errors="0" timestamp="2024-05-07T12:22:33 GMT-07:00" skipped="0">
  <testcase classname="appiumtrainingautomation.ScrollDemoTest" name="longPressureGesture" time="29.947"/>
  <system-out/>
</testsuite> <!-- appiumtrainingautomation.ScrollDemoTest -->
