<?xml version="1.0" encoding="UTF-8"?>
<!-- Generated by org.testng.reporters.JUnitReportReporter -->
<testsuite hostname="DESKTOP-JGMGK3K" failures="0" tests="1" name="appiumtrainingautomation.eCommersetc_4" time="53.285" errors="0" timestamp="2024-05-09T05:38:50 GMT-07:00" skipped="0">
  <testcase classname="appiumtrainingautomation.eCommersetc_4" name="fillForm" time="53.285"/>
  <system-out/>
</testsuite> <!-- appiumtrainingautomation.eCommersetc_4 -->
